0 info it worked if it ends with ok
1 verbose cli [ '/home/nick/bin/node/bin/node',
1 verbose cli   '/home/nick/bin/node/bin/npm',
1 verbose cli   'install',
1 verbose cli   'https' ]
2 info using npm@1.4.9
3 info using node@v0.10.28
4 verbose node symlink /home/nick/bin/node/bin/node
5 verbose readDependencies using package.json deps
6 verbose cache add [ 'https', null ]
7 verbose cache add name=undefined spec="https" args=["https",null]
8 verbose parsed url { protocol: null,
8 verbose parsed url   slashes: null,
8 verbose parsed url   auth: null,
8 verbose parsed url   host: null,
8 verbose parsed url   port: null,
8 verbose parsed url   hostname: null,
8 verbose parsed url   hash: null,
8 verbose parsed url   search: null,
8 verbose parsed url   query: null,
8 verbose parsed url   pathname: 'https',
8 verbose parsed url   path: 'https',
8 verbose parsed url   href: 'https' }
9 silly lockFile c3437dbc-https https
10 verbose lock https /home/nick/.npm/c3437dbc-https.lock
11 silly lockFile c3437dbc-https https
12 silly lockFile c3437dbc-https https
13 verbose addNamed [ 'https', '' ]
14 verbose addNamed [ null, '*' ]
15 silly lockFile 421d451a-https https@
16 verbose lock https@ /home/nick/.npm/421d451a-https.lock
17 silly addNameRange { name: 'https', range: '*', hasData: false }
18 verbose url raw https
19 verbose url resolving [ 'https://registry.npmjs.org/', './https' ]
20 verbose url resolved https://registry.npmjs.org/https
21 info trying registry request attempt 1 at 00:00:26
22 http GET https://registry.npmjs.org/https
23 http 404 https://registry.npmjs.org/https
24 verbose headers { date: 'Mon, 28 Jul 2014 23:00:26 GMT',
24 verbose headers   server: 'CouchDB/1.5.0 (Erlang OTP/R14B04)',
24 verbose headers   'content-type': 'application/json',
24 verbose headers   'cache-control': 'max-age=0',
24 verbose headers   'content-length': '52',
24 verbose headers   'accept-ranges': 'bytes',
24 verbose headers   via: '1.1 varnish',
24 verbose headers   'x-served-by': 'cache-ams4124-AMS',
24 verbose headers   'x-cache': 'MISS',
24 verbose headers   'x-cache-hits': '0',
24 verbose headers   'x-timer': 'S1406588426.305312,VS0,VE393',
24 verbose headers   'keep-alive': 'timeout=10, max=50',
24 verbose headers   connection: 'Keep-Alive' }
25 silly registry.get cb [ 404,
25 silly registry.get   { date: 'Mon, 28 Jul 2014 23:00:26 GMT',
25 silly registry.get     server: 'CouchDB/1.5.0 (Erlang OTP/R14B04)',
25 silly registry.get     'content-type': 'application/json',
25 silly registry.get     'cache-control': 'max-age=0',
25 silly registry.get     'content-length': '52',
25 silly registry.get     'accept-ranges': 'bytes',
25 silly registry.get     via: '1.1 varnish',
25 silly registry.get     'x-served-by': 'cache-ams4124-AMS',
25 silly registry.get     'x-cache': 'MISS',
25 silly registry.get     'x-cache-hits': '0',
25 silly registry.get     'x-timer': 'S1406588426.305312,VS0,VE393',
25 silly registry.get     'keep-alive': 'timeout=10, max=50',
25 silly registry.get     connection: 'Keep-Alive' } ]
26 silly lockFile 421d451a-https https@
27 silly lockFile 421d451a-https https@
28 error 404 404 Not Found: https
28 error 404
28 error 404 'https' is not in the npm registry.
28 error 404 You should bug the author to publish it
28 error 404 It was specified as a dependency of 'geo-ui'
28 error 404
28 error 404 Note that you can also install from a
28 error 404 tarball, folder, or http url, or git url.
29 error System Linux 3.5.0-17-generic
30 error command "/home/nick/bin/node/bin/node" "/home/nick/bin/node/bin/npm" "install" "https"
31 error cwd /home/nick/src/js/geoAnalysis/geoUi
32 error node -v v0.10.28
33 error npm -v 1.4.9
34 error code E404
35 verbose exit [ 1, true ]
